info it worked if it ends with ok
verbose cli [ 'node', '/usr/local/bin/npm', 'install', 'rickshaw' ]
info using npm@1.1.21
info using node@v0.8.5
verbose /usr/local/bin/node node symlink
verbose config file /Users/drew/.npmrc
verbose config file /usr/local/etc/npmrc
verbose config file /usr/local/lib/node_modules/npm/npmrc
verbose cache add [ 'rickshaw', null ]
silly cache add: name, spec, args [ undefined, 'rickshaw', [ 'rickshaw', null ] ]
verbose parsed url { pathname: 'rickshaw', path: 'rickshaw', href: 'rickshaw' }
verbose addNamed [ 'rickshaw', '' ]
verbose addNamed [ null, '' ]
silly name, range, hasData [ 'rickshaw', '', false ]
verbose raw, before any munging rickshaw
verbose url resolving [ 'https://registry.npmjs.org/', './rickshaw' ]
verbose url resolved https://registry.npmjs.org/rickshaw
http GET https://registry.npmjs.org/rickshaw
http 404 https://registry.npmjs.org/rickshaw
silly get cb [ 404,
silly get cb   { server: 'CouchDB/1.2.0 (Erlang OTP/R15B)',
silly get cb     date: 'Wed, 08 Aug 2012 04:29:03 GMT',
silly get cb     'content-type': 'application/json',
silly get cb     'content-length': '52',
silly get cb     'cache-control': 'must-revalidate' } ]
ERR! 404 'rickshaw' is not in the npm registry.
ERR! 404 You should bug the author to publish it
ERR! 404 Note that you can also install from a
ERR! 404 tarball, folder, or http url, or git url.
ERR! 
ERR! System Darwin 12.0.0
ERR! command "node" "/usr/local/bin/npm" "install" "rickshaw"
ERR! cwd /Users/drew/Dropbox/code/jamjs/rickshaw_jamjs
ERR! node -v v0.8.5
ERR! npm -v 1.1.21
ERR! code E404
ERR! message 404 Not Found: rickshaw
ERR! errno {}
verbose exit [ 1, true ]
